<?xml version="1.0" encoding="UTF-8"?>
<!-- Generated by org.testng.reporters.JUnitReportReporter -->
<testsuite hostname="Vishals-MacBook-Air-2.local" name="learnJenkins.RunTestCase" tests="2" failures="0" timestamp="22 Nov 2017 08:17:30 GMT" time="19.903" errors="0">
  <testcase name="clikOnConsumerCateegory" time="1.723" classname="learnJenkins.RunTestCase"/>
  <testcase name="LoginServifylUrl" time="18.180" classname="learnJenkins.RunTestCase"/>
</testsuite> <!-- learnJenkins.RunTestCase -->
